<?xml version="1.0" encoding="UTF-8"?>
<!-- Generated by org.testng.reporters.JUnitReportReporter -->
<testsuite skipped="0" hostname="sairam-PC" name="TestNG.addressbook" tests="1" failures="0" timestamp="10 Dec 2018 01:41:41 GMT" time="11.601" errors="0">
  <testcase name="addressbook" time="11.601" classname="TestNG.addressbook"/>
</testsuite> <!-- TestNG.addressbook -->
